<?xml version="1.0" encoding="UTF-8"?>
<!-- Generated by org.testng.reporters.JUnitReportReporter -->
<testsuite skipped="0" hostname="Ajith-PC" name="scripts.TestValidLogin" tests="1" failures="0" timestamp="09 Aug 2018 05:47:10 GMT" time="26.634" errors="0">
  <testcase name="testValidLogin" time="26.634" classname="scripts.TestValidLogin"/>
</testsuite> <!-- scripts.TestValidLogin -->
