<?xml version="1.0" encoding="UTF-8"?>
<!-- Generated by org.testng.reporters.JUnitReportReporter -->
<testsuite skipped="0" hostname="Ajith-PC" name="scripts.TestValidLogin" tests="1" failures="0" timestamp="09 Aug 2018 05:51:29 GMT" time="43.327" errors="0">
  <testcase name="testValidLogin" time="43.327" classname="scripts.TestValidLogin"/>
</testsuite> <!-- scripts.TestValidLogin -->
